<?xml version="1.0" encoding="UTF-8"?>
<!-- Generated by org.testng.reporters.JUnitReportReporter -->
<testsuite skipped="0" hostname="GUEST536" name="example.Sel" tests="1" failures="0" timestamp="04 May 2018 14:05:01 GMT" time="18.428" errors="0">
  <testcase name="testEasy" time="18.428" classname="example.Sel"/>
</testsuite> <!-- example.Sel -->
